sample.interval=20000
"rbind" "slowFun" 
"rbind" "slowFun" 
"rbind" "slowFun" 
"rbind" "slowFun" 
"rbind" "slowFun" 
"rbind" "slowFun" 
"slowFun" 
"is.na" "slowFun" 
"rbind" "slowFun" 
"rbind" "slowFun" 
"rbind" "slowFun" 
"rbind" "slowFun" 
"rbind" "slowFun" 
"rbind" "slowFun" 
"rbind" "slowFun" 
"rbind" "slowFun" 
"rbind" "slowFun" 
"rbind" "slowFun" 
"rbind" "slowFun" 
"rbind" "slowFun" 
"rbind" "slowFun" 
"rbind" "slowFun" 
"rbind" "slowFun" 
"rbind" "slowFun" 
"rbind" "slowFun" 
"rbind" "slowFun" 
"rbind" "slowFun" 
"rbind" "slowFun" 
"rbind" "slowFun" 
"rbind" "slowFun" 
"rbind" "slowFun" 
"rbind" "slowFun" 
"rbind" "slowFun" 
"rbind" "slowFun" 
"rbind" "slowFun" 
"slowFun" 
"rbind" "slowFun" 
"rbind" "slowFun" 
"rbind" "slowFun" 
"rbind" "slowFun" 
"rbind" "slowFun" 
"rbind" "slowFun" 
"rbind" "slowFun" 
"rbind" "slowFun" 
"slowFun" 
"rbind" "slowFun" 
"rbind" "slowFun" 
"rbind" "slowFun" 
"is.na" "slowFun" 
"rbind" "slowFun" 
"rbind" "slowFun" 
"rbind" "slowFun" 
"slowFun" 
"rbind" "slowFun" 
"rbind" "slowFun" 
"rbind" "slowFun" 
"rbind" "slowFun" 
"rbind" "slowFun" 
"rbind" "slowFun" 
"rbind" "slowFun" 
"rbind" "slowFun" 
"rbind" "slowFun" 
"rbind" "slowFun" 
"rbind" "slowFun" 
"rbind" "slowFun" 
"rbind" "slowFun" 
"rbind" "slowFun" 
"rbind" "slowFun" 
"rbind" "slowFun" 
"rbind" "slowFun" 
"rbind" "slowFun" 
"rbind" "slowFun" 
"rbind" "slowFun" 
"rbind" "slowFun" 
"rbind" "slowFun" 
"rbind" "slowFun" 
"rbind" "slowFun" 
"rbind" "slowFun" 
"rbind" "slowFun" 
"rbind" "slowFun" 
"rbind" "slowFun" 
"rbind" "slowFun" 
"rbind" "slowFun" 
"rbind" "slowFun" 
"rbind" "slowFun" 
"rbind" "slowFun" 
"rbind" "slowFun" 
"rbind" "slowFun" 
"rbind" "slowFun" 
"rbind" "slowFun" 
"rbind" "slowFun" 
"rbind" "slowFun" 
"rbind" "slowFun" 
"rbind" "slowFun" 
"rbind" "slowFun" 
"rbind" "slowFun" 
"rbind" "slowFun" 
"rbind" "slowFun" 
"rbind" "slowFun" 
"rbind" "slowFun" 
"rbind" "slowFun" 
"rbind" "slowFun" 
"rbind" "slowFun" 
"rbind" "slowFun" 
"rbind" "slowFun" 
"rbind" "slowFun" 
"rbind" "slowFun" 
"rbind" "slowFun" 
"rbind" "slowFun" 
"rbind" "slowFun" 
"rbind" "slowFun" 
"is.na" "slowFun" 
"rbind" "slowFun" 
"rbind" "slowFun" 
"rbind" "slowFun" 
"rbind" "slowFun" 
"rbind" "slowFun" 
"rbind" "slowFun" 
"rbind" "slowFun" 
"rbind" "slowFun" 
"rbind" "slowFun" 
"rbind" "slowFun" 
"rbind" "slowFun" 
"rbind" "slowFun" 
"rbind" "slowFun" 
"rbind" "slowFun" 
"rbind" "slowFun" 
"rbind" "slowFun" 
"rbind" "slowFun" 
"rbind" "slowFun" 
"rbind" "slowFun" 
"rbind" "slowFun" 
"rbind" "slowFun" 
"rbind" "slowFun" 
"rbind" "slowFun" 
"rbind" "slowFun" 
"rbind" "slowFun" 
"rbind" "slowFun" 
"rbind" "slowFun" 
"rbind" "slowFun" 
"rbind" "slowFun" 
"rbind" "slowFun" 
"rbind" "slowFun" 
"slowFun" 
"rbind" "slowFun" 
"rbind" "slowFun" 
"rbind" "slowFun" 
"rbind" "slowFun" 
"rbind" "slowFun" 
"rbind" "slowFun" 
"rbind" "slowFun" 
"slowFun" 
"rbind" "slowFun" 
"rbind" "slowFun" 
"rbind" "slowFun" 
"rbind" "slowFun" 
"rbind" "slowFun" 
"rbind" "slowFun" 
"rbind" "slowFun" 
"rbind" "slowFun" 
"rbind" "slowFun" 
"rbind" "slowFun" 
"rbind" "slowFun" 
"rbind" "slowFun" 
"slowFun" 
"rbind" "slowFun" 
"rbind" "slowFun" 
"rbind" "slowFun" 
"rbind" "slowFun" 
"rbind" "slowFun" 
"rbind" "slowFun" 
"rbind" "slowFun" 
"rbind" "slowFun" 
"rbind" "slowFun" 
"rbind" "slowFun" 
"rbind" "slowFun" 
"rbind" "slowFun" 
"rbind" "slowFun" 
"rbind" "slowFun" 
"rbind" "slowFun" 
"rbind" "slowFun" 
"rbind" "slowFun" 
"rbind" "slowFun" 
"rbind" "slowFun" 
"rbind" "slowFun" 
"rbind" "slowFun" 
"rbind" "slowFun" 
"rbind" "slowFun" 
"rbind" "slowFun" 
"rbind" "slowFun" 
"rbind" "slowFun" 
"rbind" "slowFun" 
"rbind" "slowFun" 
"rbind" "slowFun" 
"rbind" "slowFun" 
"rbind" "slowFun" 
"rbind" "slowFun" 
"rbind" "slowFun" 
"rbind" "slowFun" 
"rbind" "slowFun" 
"rbind" "slowFun" 
"rbind" "slowFun" 
"rbind" "slowFun" 
"rbind" "slowFun" 
"rbind" "slowFun" 
"rbind" "slowFun" 
"rbind" "slowFun" 
"rbind" "slowFun" 
"rbind" "slowFun" 
"rbind" "slowFun" 
"rbind" "slowFun" 
"rbind" "slowFun" 
"rbind" "slowFun" 
"rbind" "slowFun" 
"rbind" "slowFun" 
"rbind" "slowFun" 
"rbind" "slowFun" 
"rbind" "slowFun" 
"rbind" "slowFun" 
"rbind" "slowFun" 
"rbind" "slowFun" 
"rbind" "slowFun" 
"rbind" "slowFun" 
"rbind" "slowFun" 
"rbind" "slowFun" 
"rbind" "slowFun" 
"rbind" "slowFun" 
"rbind" "slowFun" 
"rbind" "slowFun" 
"rbind" "slowFun" 
"rbind" "slowFun" 
"rbind" "slowFun" 
"rbind" "slowFun" 
"rbind" "slowFun" 
"rbind" "slowFun" 
"rbind" "slowFun" 
"rbind" "slowFun" 
"rbind" "slowFun" 
"aperm.default" "aperm" "apply" "slowFun" 
"aperm.default" "aperm" "apply" "slowFun" 
"apply" "slowFun" 
"apply" "slowFun" 
"apply" "slowFun" 
"apply" "slowFun" 
"apply" "slowFun" 
"mean.default" "FUN" "apply" "slowFun" 
"apply" "slowFun" 
"mean.default" "FUN" "apply" "slowFun" 
"mean.default" "FUN" "apply" "slowFun" 
"apply" "slowFun" 
"apply" "slowFun" 
"apply" "slowFun" 
"apply" "slowFun" 
"mean.default" "FUN" "apply" "slowFun" 
"apply" "slowFun" 
"mean.default" "FUN" "apply" "slowFun" 
"apply" "slowFun" 
"apply" "slowFun" 
"apply" "slowFun" 
"apply" "slowFun" 
"apply" "slowFun" 
"mean.default" "FUN" "apply" "slowFun" 
"mean.default" "FUN" "apply" "slowFun" 
"apply" "slowFun" 
